<?xml version="1.0" encoding="UTF-8"?>
<!-- Generated by org.testng.reporters.JUnitXMLReporter -->
<testsuite hostname="DESKTOP-EIGFGRH" name="Test1" tests="2" failures="0" timestamp="25 Feb 2022 18:00:31 GMT" time="24.693" errors="0">
  <testcase name="@BeforeMethod setUp" time="0.0" classname="qedge.feb22.FirstTestNGClass">
    <failure type="org.openqa.selenium.ElementClickInterceptedException" message="element click intercepted: Element &amp;lt;input type=&amp;quot;image&amp;quot; name=&amp;quot;login&amp;quot; id=&amp;quot;login&amp;quot; tabindex=&amp;quot;4&amp;quot; class=&amp;quot;style7&amp;quot; src=&amp;quot;images/login.jpg&amp;quot; onclick=&amp;quot;javascript:return verify();&amp;quot; language=&amp;quot;javascript&amp;quot; style=&amp;quot;border: 1px solid;margin: 7px;&amp;quot;&amp;gt; is not clickable at point (422, 451). Other element would receive the click: &amp;lt;a dont=&amp;quot;&amp;quot; style=&amp;quot;top: 0px; left: 0px; width: 1366px; height: 612px; position: absolute; z-index: 2147483647;&amp;quot;&amp;gt;&amp;lt;/a&amp;gt;
  (Session info: chrome=98.0.4758.102)
Build info: version: &amp;apos;3.14.0&amp;apos;, revision: &amp;apos;aacccce0&amp;apos;, time: &amp;apos;2018-08-02T20:13:22.693Z&amp;apos;
System info: host: &amp;apos;DESKTOP-EIGFGRH&amp;apos;, ip: &amp;apos;192.168.1.8&amp;apos;, os.name: &amp;apos;Windows 10&amp;apos;, os.arch: &amp;apos;x86&amp;apos;, os.version: &amp;apos;10.0&amp;apos;, java.version: &amp;apos;1.8.0_321&amp;apos;
Driver info: org.openqa.selenium.chrome.ChromeDriver
Capabilities {acceptInsecureCerts: false, browserName: chrome, browserVersion: 98.0.4758.102, chrome: {chromedriverVersion: 98.0.4758.80 (7f0488e8ba0d8..., userDataDir: C:\Users\CANVAS\AppData\Loc...}, goog:chromeOptions: {debuggerAddress: localhost:63829}, javascriptEnabled: true, networkConnectionEnabled: false, pageLoadStrategy: normal, platform: WINDOWS, platformName: WINDOWS, proxy: Proxy(), setWindowRect: true, strictFileInteractability: false, timeouts: {implicit: 0, pageLoad: 300000, script: 30000}, unhandledPromptBehavior: dismiss and notify, webauthn:extension:credBlob: true, webauthn:extension:largeBlob: true, webauthn:virtualAuthenticators: true}
Session ID: b5f6e2f83d4bb9259ffe51455dc57fa6">
      <![CDATA[org.openqa.selenium.ElementClickInterceptedException: element click intercepted: Element <input type="image" name="login" id="login" tabindex="4" class="style7" src="images/login.jpg" onclick="javascript:return verify();" language="javascript" style="border: 1px solid;margin: 7px;"> is not clickable at point (422, 451). Other element would receive the click: <a dont="" style="top: 0px; left: 0px; width: 1366px; height: 612px; position: absolute; z-index: 2147483647;"></a>
  (Session info: chrome=98.0.4758.102)
Build info: version: '3.14.0', revision: 'aacccce0', time: '2018-08-02T20:13:22.693Z'
System info: host: 'DESKTOP-EIGFGRH', ip: '192.168.1.8', os.name: 'Windows 10', os.arch: 'x86', os.version: '10.0', java.version: '1.8.0_321'
Driver info: org.openqa.selenium.chrome.ChromeDriver
Capabilities {acceptInsecureCerts: false, browserName: chrome, browserVersion: 98.0.4758.102, chrome: {chromedriverVersion: 98.0.4758.80 (7f0488e8ba0d8..., userDataDir: C:\Users\CANVAS\AppData\Loc...}, goog:chromeOptions: {debuggerAddress: localhost:63829}, javascriptEnabled: true, networkConnectionEnabled: false, pageLoadStrategy: normal, platform: WINDOWS, platformName: WINDOWS, proxy: Proxy(), setWindowRect: true, strictFileInteractability: false, timeouts: {implicit: 0, pageLoad: 300000, script: 30000}, unhandledPromptBehavior: dismiss and notify, webauthn:extension:credBlob: true, webauthn:extension:largeBlob: true, webauthn:virtualAuthenticators: true}
Session ID: b5f6e2f83d4bb9259ffe51455dc57fa6
	at org.openqa.selenium.remote.http.W3CHttpResponseCodec.createException(W3CHttpResponseCodec.java:187)
	at org.openqa.selenium.remote.http.W3CHttpResponseCodec.decode(W3CHttpResponseCodec.java:122)
	at org.openqa.selenium.remote.http.W3CHttpResponseCodec.decode(W3CHttpResponseCodec.java:49)
	at org.openqa.selenium.remote.HttpCommandExecutor.execute(HttpCommandExecutor.java:158)
	at org.openqa.selenium.remote.service.DriverCommandExecutor.execute(DriverCommandExecutor.java:83)
	at org.openqa.selenium.remote.RemoteWebDriver.execute(RemoteWebDriver.java:548)
	at org.openqa.selenium.remote.RemoteWebElement.execute(RemoteWebElement.java:276)
	at org.openqa.selenium.remote.RemoteWebElement.click(RemoteWebElement.java:83)
	at qedge.feb22.FirstTestNGClass.setUp(FirstTestNGClass.java:26)
	at java.util.concurrent.FutureTask.run(Unknown Source)
	at java.util.concurrent.ThreadPoolExecutor.runWorker(Unknown Source)
	at java.util.concurrent.ThreadPoolExecutor$Worker.run(Unknown Source)
	at java.lang.Thread.run(Unknown Source)
... Removed 22 stack frames]]>
    </failure>
  </testcase> <!-- @BeforeMethod setUp -->
  <testcase name="@AfterMethod tearDown" time="0.0" classname="qedge.feb22.FirstTestNGClass">
    <skipped/>
  </testcase> <!-- @AfterMethod tearDown -->
  <testcase name="@BeforeMethod setUp" time="0.0" classname="qedge.feb22.FirstTestNGClass">
    <skipped/>
  </testcase> <!-- @BeforeMethod setUp -->
  <testcase name="@AfterMethod tearDown" time="0.0" classname="qedge.feb22.FirstTestNGClass">
    <skipped/>
  </testcase> <!-- @AfterMethod tearDown -->
  <testcase name="branches" time="0.0" classname="qedge.feb22.FirstTestNGClass">
    <skipped/>
  </testcase> <!-- branches -->
  <testcase name="roles" time="0.0" classname="qedge.feb22.FirstTestNGClass">
    <skipped/>
  </testcase> <!-- roles -->
</testsuite> <!-- Test1 -->
